<?xml version="1.0" encoding="UTF-8"?>
<testng-results ignored="0" total="1" passed="1" failed="0" skipped="0">
  <reporter-output>
  </reporter-output>
  <suite started-at="2024-06-26T01:51:00Z" name="Default suite" finished-at="2024-06-26T01:51:02Z" duration-ms="2247">
    <groups>
      <group name="cucumber">
        <method signature="AbstractTestNGCucumberTests.runScenario(cucumber.api.testng.PickleEventWrapper, cucumber.api.testng.CucumberFeatureWrapper)[pri:0, instance:testRunner.Runner@38aa816f]" name="runScenario" class="cucumber.api.testng.AbstractTestNGCucumberTests"/>
      </group> <!-- cucumber -->
    </groups>
    <test started-at="2024-06-26T01:51:00Z" name="Default test" finished-at="2024-06-26T01:51:02Z" duration-ms="2247">
      <class name="testRunner.Runner">
        <test-method is-config="true" signature="setUpClass()[pri:0, instance:testRunner.Runner@38aa816f]" started-at="2024-06-26T01:51:00Z" name="setUpClass" finished-at="2024-06-26T01:51:00Z" duration-ms="86" status="PASS">
          <reporter-output>
          </reporter-output>
        </test-method> <!-- setUpClass -->
        <test-method signature="runScenario(cucumber.api.testng.PickleEventWrapper, cucumber.api.testng.CucumberFeatureWrapper)[pri:0, instance:testRunner.Runner@38aa816f]" started-at="2024-06-26T01:51:00Z" name="runScenario" description="Runs Cucumber Scenarios" data-provider="scenarios" finished-at="2024-06-26T01:51:02Z" duration-ms="2117" status="PASS">
          <params>
            <param index="0">
              <value>
                <![CDATA["User opens Chrome browser"]]>
              </value>
            </param>
            <param index="1">
              <value>
                <![CDATA["Open Chrome browser"]]>
              </value>
            </param>
          </params>
          <reporter-output>
          </reporter-output>
        </test-method> <!-- runScenario -->
        <test-method is-config="true" signature="tearDownClass()[pri:0, instance:testRunner.Runner@38aa816f]" started-at="2024-06-26T01:51:02Z" name="tearDownClass" finished-at="2024-06-26T01:51:02Z" duration-ms="3" status="PASS">
          <reporter-output>
          </reporter-output>
        </test-method> <!-- tearDownClass -->
      </class> <!-- testRunner.Runner -->
    </test> <!-- Default test -->
  </suite> <!-- Default suite -->
</testng-results>
